app/frontend/build/app/intermediates/manifest_merge_blame_file/debug/manifest-merger-blame-debug-report.txt
1<?xml version="1.0" encoding="utf-8"?>
2<manifest xmlns:android="http://schemas.android.com/apk/res/android"
3    package="com.example.instafoto"
4    android:versionCode="1"
5    android:versionName="1.0.0" >
6
7    <uses-sdk
8        android:minSdkVersion="21"
9        android:targetSdkVersion="33" />
10    <!--
11         The INTERNET permission is required for development. Specifically,
12         the Flutter tool needs it to communicate with the running application
13         to allow setting breakpoints, to provide hot reload, etc.
14    -->
15    <uses-feature android:name="android.hardware.camera" />
15-->src/main/AndroidManifest.xml:4:5-60
15-->src/main/AndroidManifest.xml:4:19-57
16    <uses-feature android:name="android.hardware.camera.autofocus" />
16-->src/main/AndroidManifest.xml:5:5-70
16-->src/main/AndroidManifest.xml:5:19-67
17
18    <uses-permission android:name="android.permission.INTERNET" />
18-->src/main/AndroidManifest.xml:6:5-66
18-->src/main/AndroidManifest.xml:6:22-64
19    <uses-permission android:name="android.permission.CAMERA" />
19-->src/main/AndroidManifest.xml:7:5-65
19-->src/main/AndroidManifest.xml:7:22-62
20    <uses-permission android:name="android.permission.RECORD_AUDIO" />
20-->src/main/AndroidManifest.xml:12:5-71
20-->src/main/AndroidManifest.xml:12:22-68
21    <uses-permission android:name="android.permission.ACCESS_NETWORK_STATE" />
21-->src/main/AndroidManifest.xml:8:5-79
21-->src/main/AndroidManifest.xml:8:22-76
22    <uses-permission android:name="android.permission.CHANGE_NETWORK_STATE" />
22-->src/main/AndroidManifest.xml:9:5-79
22-->src/main/AndroidManifest.xml:9:22-76
23    <uses-permission android:name="android.permission.MODIFY_AUDIO_SETTINGS" />
23-->src/main/AndroidManifest.xml:10:5-80
23-->src/main/AndroidManifest.xml:10:22-77
24    <uses-permission android:name="android.permission.FOREGROUND_SERVICE" />
24-->src/main/AndroidManifest.xml:11:5-77
24-->src/main/AndroidManifest.xml:11:22-74
25    <uses-permission android:name="android.permission.RECORD_AUDIO" />
25-->src/main/AndroidManifest.xml:12:5-71
25-->src/main/AndroidManifest.xml:12:22-68
26    <uses-permission android:name="android.permission.WRITE_EXTERNAL_STORAGE" />
26-->src/main/AndroidManifest.xml:13:5-81
26-->src/main/AndroidManifest.xml:13:22-78
27    <uses-permission android:name="android.permission.WAKE_LOCK" />
27-->src/main/AndroidManifest.xml:14:5-68
27-->src/main/AndroidManifest.xml:14:22-65
28    <uses-permission android:name="android.permission.REQUEST_IGNORE_BATTERY_OPTIMIZATIONS" />
28-->src/main/AndroidManifest.xml:15:5-95
28-->src/main/AndroidManifest.xml:15:22-92
29    <uses-permission android:name="android.permission.POST_NOTIFICATIONS" />
29-->[:awesome_notifications] AndroidManifest.xml:9:5-77
29-->[:awesome_notifications] AndroidManifest.xml:9:22-74
30    <uses-permission android:name="android.permission.BROADCAST_CLOSE_SYSTEM_DIALOGS" />
30-->[:awesome_notifications] AndroidManifest.xml:10:5-89
30-->[:awesome_notifications] AndroidManifest.xml:10:22-86
31    <uses-permission android:name="android.permission.RECEIVE_BOOT_COMPLETED" />
31-->[:awesome_notifications] AndroidManifest.xml:11:5-81
31-->[:awesome_notifications] AndroidManifest.xml:11:22-78
32    <uses-permission android:name="android.permission.VIBRATE" />
32-->[:awesome_notifications] AndroidManifest.xml:12:5-66
32-->[:awesome_notifications] AndroidManifest.xml:12:22-63
33    <uses-permission
33-->[com.github.davidliu:audioswitch:c498d866c57f1d88056d5e7e7a78d622e3b0c046] AndroidManifest.xml:9:5-11:38
34        android:name="android.permission.BLUETOOTH"
34-->[com.github.davidliu:audioswitch:c498d866c57f1d88056d5e7e7a78d622e3b0c046] AndroidManifest.xml:10:9-52
35        android:maxSdkVersion="30" />
35-->[com.github.davidliu:audioswitch:c498d866c57f1d88056d5e7e7a78d622e3b0c046] AndroidManifest.xml:11:9-35
36
37    <permission
37-->[androidx.core:core:1.9.0] AndroidManifest.xml:22:5-24:47
38        android:name="com.example.instafoto.DYNAMIC_RECEIVER_NOT_EXPORTED_PERMISSION"
38-->[androidx.core:core:1.9.0] AndroidManifest.xml:23:9-81
39        android:protectionLevel="signature" />
39-->[androidx.core:core:1.9.0] AndroidManifest.xml:24:9-44
40
41    <uses-permission android:name="com.example.instafoto.DYNAMIC_RECEIVER_NOT_EXPORTED_PERMISSION" /> <!-- for android -->
41-->[androidx.core:core:1.9.0] AndroidManifest.xml:26:5-97
41-->[androidx.core:core:1.9.0] AndroidManifest.xml:26:22-94
42    <!-- <uses-permission android:name="com.android.launcher.permission.READ_SETTINGS"/> -->
43    <!-- <uses-permission android:name="com.android.launcher.permission.WRITE_SETTINGS"/> -->
44    <!-- <uses-permission android:name="com.android.launcher.permission.INSTALL_SHORTCUT" /> -->
45    <!-- <uses-permission android:name="com.android.launcher.permission.UNINSTALL_SHORTCUT" /> -->
46    <!-- for Samsung -->
47    <uses-permission android:name="com.sec.android.provider.badge.permission.READ" />
47-->[me.leolin:ShortcutBadger:1.1.22] AndroidManifest.xml:19:5-86
47-->[me.leolin:ShortcutBadger:1.1.22] AndroidManifest.xml:19:22-83
48    <uses-permission android:name="com.sec.android.provider.badge.permission.WRITE" /> <!-- for htc -->
48-->[me.leolin:ShortcutBadger:1.1.22] AndroidManifest.xml:20:5-87
48-->[me.leolin:ShortcutBadger:1.1.22] AndroidManifest.xml:20:22-84
49    <uses-permission android:name="com.htc.launcher.permission.READ_SETTINGS" />
49-->[me.leolin:ShortcutBadger:1.1.22] AndroidManifest.xml:23:5-81
49-->[me.leolin:ShortcutBadger:1.1.22] AndroidManifest.xml:23:22-78
50    <uses-permission android:name="com.htc.launcher.permission.UPDATE_SHORTCUT" /> <!-- for sony -->
50-->[me.leolin:ShortcutBadger:1.1.22] AndroidManifest.xml:24:5-83
50-->[me.leolin:ShortcutBadger:1.1.22] AndroidManifest.xml:24:22-80
51    <uses-permission android:name="com.sonyericsson.home.permission.BROADCAST_BADGE" />
51-->[me.leolin:ShortcutBadger:1.1.22] AndroidManifest.xml:27:5-88
51-->[me.leolin:ShortcutBadger:1.1.22] AndroidManifest.xml:27:22-85
52    <uses-permission android:name="com.sonymobile.home.permission.PROVIDER_INSERT_BADGE" /> <!-- for apex -->
52-->[me.leolin:ShortcutBadger:1.1.22] AndroidManifest.xml:28:5-92
52-->[me.leolin:ShortcutBadger:1.1.22] AndroidManifest.xml:28:22-89
53    <uses-permission android:name="com.anddoes.launcher.permission.UPDATE_COUNT" /> <!-- for solid -->
53-->[me.leolin:ShortcutBadger:1.1.22] AndroidManifest.xml:31:5-84
53-->[me.leolin:ShortcutBadger:1.1.22] AndroidManifest.xml:31:22-81
54    <uses-permission android:name="com.majeur.launcher.permission.UPDATE_BADGE" /> <!-- for huawei -->
54-->[me.leolin:ShortcutBadger:1.1.22] AndroidManifest.xml:34:5-83
54-->[me.leolin:ShortcutBadger:1.1.22] AndroidManifest.xml:34:22-80
55    <uses-permission android:name="com.huawei.android.launcher.permission.CHANGE_BADGE" />
55-->[me.leolin:ShortcutBadger:1.1.22] AndroidManifest.xml:37:5-91
55-->[me.leolin:ShortcutBadger:1.1.22] AndroidManifest.xml:37:22-88
56    <uses-permission android:name="com.huawei.android.launcher.permission.READ_SETTINGS" />
56-->[me.leolin:ShortcutBadger:1.1.22] AndroidManifest.xml:38:5-92
56-->[me.leolin:ShortcutBadger:1.1.22] AndroidManifest.xml:38:22-89
57    <uses-permission android:name="com.huawei.android.launcher.permission.WRITE_SETTINGS" /> <!-- for ZUK -->
57-->[me.leolin:ShortcutBadger:1.1.22] AndroidManifest.xml:39:5-93
57-->[me.leolin:ShortcutBadger:1.1.22] AndroidManifest.xml:39:22-90
58    <uses-permission android:name="android.permission.READ_APP_BADGE" /> <!-- for OPPO -->
58-->[me.leolin:ShortcutBadger:1.1.22] AndroidManifest.xml:42:5-73
58-->[me.leolin:ShortcutBadger:1.1.22] AndroidManifest.xml:42:22-70
59    <uses-permission android:name="com.oppo.launcher.permission.READ_SETTINGS" />
59-->[me.leolin:ShortcutBadger:1.1.22] AndroidManifest.xml:45:5-82
59-->[me.leolin:ShortcutBadger:1.1.22] AndroidManifest.xml:45:22-79
60    <uses-permission android:name="com.oppo.launcher.permission.WRITE_SETTINGS" /> <!-- for EvMe -->
60-->[me.leolin:ShortcutBadger:1.1.22] AndroidManifest.xml:46:5-83
60-->[me.leolin:ShortcutBadger:1.1.22] AndroidManifest.xml:46:22-80
61    <uses-permission android:name="me.everything.badger.permission.BADGE_COUNT_READ" />
61-->[me.leolin:ShortcutBadger:1.1.22] AndroidManifest.xml:49:5-88
61-->[me.leolin:ShortcutBadger:1.1.22] AndroidManifest.xml:49:22-85
62    <uses-permission android:name="me.everything.badger.permission.BADGE_COUNT_WRITE" />
62-->[me.leolin:ShortcutBadger:1.1.22] AndroidManifest.xml:50:5-89
62-->[me.leolin:ShortcutBadger:1.1.22] AndroidManifest.xml:50:22-86
63
64    <application
65        android:name="android.app.Application"
65-->src/main/AndroidManifest.xml:20:9-42
66        android:appComponentFactory="androidx.core.app.CoreComponentFactory"
66-->[androidx.core:core:1.9.0] AndroidManifest.xml:28:18-86
67        android:debuggable="true"
68        android:icon="@mipmap/ic_launcher"
68-->src/main/AndroidManifest.xml:21:9-43
69        android:label="Photopop"
69-->src/main/AndroidManifest.xml:19:9-33
70        android:usesCleartextTraffic="true" >
70-->src/debug/AndroidManifest.xml:21:18-53
71        <activity
71-->src/main/AndroidManifest.xml:24:9-45:20
72            android:name="com.example.instafoto.MainActivity"
72-->src/main/AndroidManifest.xml:25:13-41
73            android:configChanges="orientation|keyboardHidden|keyboard|screenSize|smallestScreenSize|locale|layoutDirection|fontScale|screenLayout|density|uiMode"
73-->src/main/AndroidManifest.xml:29:13-163
74            android:exported="true"
74-->src/main/AndroidManifest.xml:26:13-36
75            android:hardwareAccelerated="true"
75-->src/main/AndroidManifest.xml:30:13-47
76            android:launchMode="singleTop"
76-->src/main/AndroidManifest.xml:27:13-43
77            android:theme="@style/LaunchTheme"
77-->src/main/AndroidManifest.xml:28:13-47
78            android:windowSoftInputMode="adjustResize" >
78-->src/main/AndroidManifest.xml:31:13-55
79
80            <!--
81                 Specifies an Android theme to apply to this Activity as soon as
82                 the Android process has started. This theme is visible to the user
83                 while the Flutter UI initializes. After that, this theme continues
84                 to determine the Window background behind the Flutter UI.
85            -->
86            <meta-data
86-->src/main/AndroidManifest.xml:37:13-40:17
87                android:name="io.flutter.embedding.android.NormalTheme"
87-->src/main/AndroidManifest.xml:38:15-70
88                android:resource="@style/NormalTheme" />
88-->src/main/AndroidManifest.xml:39:15-52
89
90            <intent-filter>
90-->src/main/AndroidManifest.xml:41:13-44:29
91                <action android:name="android.intent.action.MAIN" />
91-->src/main/AndroidManifest.xml:42:17-68
91-->src/main/AndroidManifest.xml:42:25-66
92
93                <category android:name="android.intent.category.LAUNCHER" />
93-->src/main/AndroidManifest.xml:43:17-76
93-->src/main/AndroidManifest.xml:43:27-74
94            </intent-filter>
95        </activity>
96        <!--
97 Don't delete the meta-data below.
98             This is used by the Flutter tool to generate GeneratedPluginRegistrant.java
99        -->
100        <meta-data
100-->src/main/AndroidManifest.xml:48:9-50:33
101            android:name="flutterEmbedding"
101-->src/main/AndroidManifest.xml:49:13-44
102            android:value="2" />
102-->src/main/AndroidManifest.xml:50:13-30
103
104        <provider
104-->[:image_picker_android] AndroidManifest.xml:10:9-18:20
105            android:name="io.flutter.plugins.imagepicker.ImagePickerFileProvider"
105-->[:image_picker_android] AndroidManifest.xml:11:13-82
106            android:authorities="com.example.instafoto.flutter.image_provider"
106-->[:image_picker_android] AndroidManifest.xml:12:13-74
107            android:exported="false"
107-->[:image_picker_android] AndroidManifest.xml:13:13-37
108            android:grantUriPermissions="true" >
108-->[:image_picker_android] AndroidManifest.xml:14:13-47
109            <meta-data
109-->[:image_picker_android] AndroidManifest.xml:15:13-17:75
110                android:name="android.support.FILE_PROVIDER_PATHS"
110-->[:image_picker_android] AndroidManifest.xml:16:17-67
111                android:resource="@xml/flutter_image_picker_file_paths" />
111-->[:image_picker_android] AndroidManifest.xml:17:17-72
112        </provider>
113
114        <receiver
114-->[:awesome_notifications] AndroidManifest.xml:15:9-17:39
115            android:name="me.carda.awesome_notifications.DartNotificationActionReceiver"
115-->[:awesome_notifications] AndroidManifest.xml:16:13-89
116            android:exported="true" />
116-->[:awesome_notifications] AndroidManifest.xml:17:13-36
117        <receiver
117-->[:awesome_notifications] AndroidManifest.xml:18:9-20:39
118            android:name="me.carda.awesome_notifications.DartDismissedNotificationReceiver"
118-->[:awesome_notifications] AndroidManifest.xml:19:13-92
119            android:exported="true" />
119-->[:awesome_notifications] AndroidManifest.xml:20:13-36
120        <receiver
120-->[:awesome_notifications] AndroidManifest.xml:21:9-23:39
121            android:name="me.carda.awesome_notifications.DartScheduledNotificationReceiver"
121-->[:awesome_notifications] AndroidManifest.xml:22:13-92
122            android:exported="true" />
122-->[:awesome_notifications] AndroidManifest.xml:23:13-36
123        <receiver
123-->[:awesome_notifications] AndroidManifest.xml:24:9-38:20
124            android:name="me.carda.awesome_notifications.DartRefreshSchedulesReceiver"
124-->[:awesome_notifications] AndroidManifest.xml:25:13-87
125            android:enabled="true"
125-->[:awesome_notifications] AndroidManifest.xml:26:13-35
126            android:exported="true" >
126-->[:awesome_notifications] AndroidManifest.xml:27:13-36
127            <intent-filter>
127-->[:awesome_notifications] AndroidManifest.xml:28:13-37:29
128                <category android:name="android.intent.category.DEFAULT" />
128-->[:awesome_notifications] AndroidManifest.xml:29:17-76
128-->[:awesome_notifications] AndroidManifest.xml:29:27-73
129
130                <action android:name="android.intent.action.BOOT_COMPLETED" />
130-->[:awesome_notifications] AndroidManifest.xml:31:17-79
130-->[:awesome_notifications] AndroidManifest.xml:31:25-76
131                <action android:name="android.intent.action.LOCKED_BOOT_COMPLETED" />
131-->[:awesome_notifications] AndroidManifest.xml:32:17-86
131-->[:awesome_notifications] AndroidManifest.xml:32:25-83
132                <action android:name="android.intent.action.MY_PACKAGE_REPLACED" />
132-->[:awesome_notifications] AndroidManifest.xml:33:17-84
132-->[:awesome_notifications] AndroidManifest.xml:33:25-81
133                <action android:name="android.intent.action.QUICKBOOT_POWERON" />
133-->[:awesome_notifications] AndroidManifest.xml:34:17-82
133-->[:awesome_notifications] AndroidManifest.xml:34:25-79
134                <action android:name="com.htc.intent.action.QUICKBOOT_POWERON" />
134-->[:awesome_notifications] AndroidManifest.xml:35:17-82
134-->[:awesome_notifications] AndroidManifest.xml:35:25-79
135                <action android:name="android.app.action.SCHEDULE_EXACT_ALARM_PERMISSION_STATE_CHANGED" />
135-->[:awesome_notifications] AndroidManifest.xml:36:17-107
135-->[:awesome_notifications] AndroidManifest.xml:36:25-104
136            </intent-filter>
137        </receiver>
138
139        <service
139-->[:awesome_notifications] AndroidManifest.xml:40:9-43:72
140            android:name="me.carda.awesome_notifications.DartBackgroundService"
140-->[:awesome_notifications] AndroidManifest.xml:41:13-80
141            android:exported="false"
141-->[:awesome_notifications] AndroidManifest.xml:42:13-37
142            android:permission="android.permission.BIND_JOB_SERVICE" />
142-->[:awesome_notifications] AndroidManifest.xml:43:13-69
143        <service
143-->[:awesome_notifications] AndroidManifest.xml:44:9-49:43
144            android:name="me.carda.awesome_notifications.core.services.ForegroundService"
144-->[:awesome_notifications] AndroidManifest.xml:45:13-90
145            android:enabled="true"
145-->[:awesome_notifications] AndroidManifest.xml:46:13-35
146            android:exported="false"
146-->[:awesome_notifications] AndroidManifest.xml:47:13-37
147            android:foregroundServiceType="phoneCall"
147-->[:awesome_notifications] AndroidManifest.xml:48:13-54
148            android:stopWithTask="true" />
148-->[:awesome_notifications] AndroidManifest.xml:49:13-40
149
150        <uses-library
150-->[androidx.window:window:1.0.0-beta04] AndroidManifest.xml:25:9-27:40
151            android:name="androidx.window.extensions"
151-->[androidx.window:window:1.0.0-beta04] AndroidManifest.xml:26:13-54
152            android:required="false" />
152-->[androidx.window:window:1.0.0-beta04] AndroidManifest.xml:27:13-37
153        <uses-library
153-->[androidx.window:window:1.0.0-beta04] AndroidManifest.xml:28:9-30:40
154            android:name="androidx.window.sidecar"
154-->[androidx.window:window:1.0.0-beta04] AndroidManifest.xml:29:13-51
155            android:required="false" />
155-->[androidx.window:window:1.0.0-beta04] AndroidManifest.xml:30:13-37
156
157        <provider
157-->[androidx.emoji2:emoji2:1.2.0] AndroidManifest.xml:24:9-32:20
158            android:name="androidx.startup.InitializationProvider"
158-->[androidx.emoji2:emoji2:1.2.0] AndroidManifest.xml:25:13-67
159            android:authorities="com.example.instafoto.androidx-startup"
159-->[androidx.emoji2:emoji2:1.2.0] AndroidManifest.xml:26:13-68
160            android:exported="false" >
160-->[androidx.emoji2:emoji2:1.2.0] AndroidManifest.xml:27:13-37
161            <meta-data
161-->[androidx.emoji2:emoji2:1.2.0] AndroidManifest.xml:29:13-31:52
162                android:name="androidx.emoji2.text.EmojiCompatInitializer"
162-->[androidx.emoji2:emoji2:1.2.0] AndroidManifest.xml:30:17-75
163                android:value="androidx.startup" />
163-->[androidx.emoji2:emoji2:1.2.0] AndroidManifest.xml:31:17-49
164            <meta-data
164-->[androidx.lifecycle:lifecycle-process:2.5.1] AndroidManifest.xml:31:13-33:52
165                android:name="androidx.lifecycle.ProcessLifecycleInitializer"
165-->[androidx.lifecycle:lifecycle-process:2.5.1] AndroidManifest.xml:32:17-78
166                android:value="androidx.startup" />
166-->[androidx.lifecycle:lifecycle-process:2.5.1] AndroidManifest.xml:33:17-49
167        </provider>
168    </application>
169
170</manifest>